<?xml version="1.0" encoding="UTF-8" ?>
<!-- Use this one for deploying to JBoss -->
<persistence xmlns="http://java.sun.com/xml/ns/persistence" xmlns:xsi="http://www.w3.org/2001/XMLSchema-instance"
             xsi:schemaLocation="http://java.sun.com/xml/ns/persistence
	http://java.sun.com/xml/ns/persistence/persistence_1_0.xsd"
             version="1.0">

    <!-- JPA test "unit" -->
    <persistence-unit name="persistentUnit" transaction-type="JTA">
        <class>org.kuali.student.r2.common.entity.BaseAttributeEntity</class>

        <class>org.kuali.student.r2.core.class1.enumerationmanagement.model.EnumerationEntity</class>
        <class>org.kuali.student.r2.core.class1.enumerationmanagement.model.EnumerationAttributeEntity</class>
        <class>org.kuali.student.r2.core.class1.enumerationmanagement.model.EnumeratedValueEntity</class>
        <class>org.kuali.student.r2.core.class1.enumerationmanagement.model.EnumContextValueEntity</class>

        <class>org.kuali.student.r2.core.class1.atp.model.AtpEntity</class>
        <class>org.kuali.student.r2.core.class1.atp.model.AtpAttributeEntity</class>
        <class>org.kuali.student.r2.core.class1.atp.model.AtpAtpRelationEntity</class>
        <class>org.kuali.student.r2.core.class1.atp.model.AtpAtpRelationAttributeEntity</class>
        <class>org.kuali.student.r2.core.class1.atp.model.AtpMilestoneRelationEntity</class>
        <class>org.kuali.student.r2.core.class1.atp.model.MilestoneEntity</class>
        <class>org.kuali.student.r2.core.class1.atp.model.MilestoneAttributeEntity</class>

        <class>org.kuali.student.r2.core.class1.state.model.StateEntity</class>
        <class>org.kuali.student.r2.core.class1.state.model.StateAttributeEntity</class>
        <class>org.kuali.student.r2.core.class1.state.model.LifecycleEntity</class>
        <class>org.kuali.student.r2.core.class1.state.model.LifecycleAttributeEntity</class>

        <class>org.kuali.student.r2.common.class1.type.model.TypeEntity</class>
        <class>org.kuali.student.r2.common.class1.type.model.TypeAttributeEntity</class>
        <class>org.kuali.student.r2.common.class1.type.model.TypeTypeRelationEntity</class>
        <class>org.kuali.student.r2.common.class1.type.model.TypeTypeRelationAttributeEntity</class>

        <!-- Statement Persistence -->
        <class>org.kuali.student.r1.core.statement.entity.RefStatementRelation</class>
        <class>org.kuali.student.r1.core.statement.entity.RefStatementRelationAttribute</class>
        <class>org.kuali.student.r1.core.statement.entity.RefStatementRelationType</class>
        <class>org.kuali.student.r1.core.statement.entity.RefStatementRelationTypeAttribute</class>
        <class>org.kuali.student.r1.core.statement.entity.ObjectType</class>
        <class>org.kuali.student.r1.core.statement.entity.ObjectTypeAttribute</class>
        <class>org.kuali.student.r1.core.statement.entity.ObjectSubType</class>
        <class>org.kuali.student.r1.core.statement.entity.ObjectSubTypeAttribute</class>
        <class>org.kuali.student.r1.core.statement.entity.NlUsageType</class>
        <class>org.kuali.student.r1.core.statement.entity.NlUsageTypeAttribute</class>
        <class>org.kuali.student.r1.core.statement.entity.Statement</class>
        <class>org.kuali.student.r1.core.statement.entity.StatementAttribute</class>
        <class>org.kuali.student.r1.core.statement.entity.StatementRichText</class>
        <class>org.kuali.student.r1.core.statement.entity.StatementType</class>
        <class>org.kuali.student.r1.core.statement.entity.OrderedStatementType</class>
        <class>org.kuali.student.r1.core.statement.entity.StatementTypeAttribute</class>
        <!--class>org.kuali.student.core.statement.entity.StatementTypeHeaderTemplate</class-->
        <class>org.kuali.student.r1.core.statement.entity.ReqComponent</class>
        <class>org.kuali.student.r1.core.statement.entity.ReqComponentField</class>
        <class>org.kuali.student.r1.core.statement.entity.ReqComponentFieldType</class>
        <class>org.kuali.student.r1.core.statement.entity.ReqComponentType</class>
        <class>org.kuali.student.r1.core.statement.entity.OrderedReqComponentType</class>
        <class>org.kuali.student.r1.core.statement.entity.ReqComponentTypeAttribute</class>
        <class>org.kuali.student.r1.core.statement.entity.ReqComponentTypeNLTemplate</class>


        <!-- commented out until roster service is implemented.
          <class>org.kuali.student.enrollment.class1.roster.model.LprRosterEntity</class>
          <class>org.kuali.student.enrollment.class1.roster.model.LprRosterAttributeEntity</class>
          <class>org.kuali.student.enrollment.class1.roster.model.LprRichTextEntity</class>
          <class>org.kuali.student.enrollment.class1.roster.model.LprRosterEntryEntity</class>
          <class>org.kuali.student.enrollment.class1.roster.model.LprRosterEntryAttributeEntity</class>
          -->

        <!-- Appointment Window Entities -->
        <class>org.kuali.student.r2.core.class1.appointment.model.AppointmentWindowEntity</class>
        <class>org.kuali.student.r2.core.class1.appointment.model.AppointmentWindowAttributeEntity</class>
        <class>org.kuali.student.r2.core.class1.appointment.model.AppointmentSlotEntity</class>
        <class>org.kuali.student.r2.core.class1.appointment.model.AppointmentSlotAttributeEntity</class>
        <class>org.kuali.student.r2.core.class1.appointment.model.AppointmentEntity</class>
        <class>org.kuali.student.r2.core.class1.appointment.model.AppointmentAttributeEntity</class>

        <!-- Org Entities -->
        <class>org.kuali.student.r2.core.organization.model.OrgEntity</class>
        <class>org.kuali.student.r2.core.organization.model.OrgAttributeEntity</class>
        <class>org.kuali.student.r2.core.organization.model.OrgHierarchyEntity</class>
        <class>org.kuali.student.r2.core.organization.model.OrgHierarchyAttributeEntity</class>
        <class>org.kuali.student.r2.core.organization.model.OrgOrgRelationEntity</class>
        <class>org.kuali.student.r2.core.organization.model.OrgOrgRelationAttributeEntity</class>
        <class>org.kuali.student.r2.core.organization.model.OrgOrgRelationEntity</class>
        <class>org.kuali.student.r2.core.organization.model.OrgOrgRelationAttributeEntity</class>
        <class>org.kuali.student.r2.core.organization.model.OrgPersonRelationEntity</class>
        <class>org.kuali.student.r2.core.organization.model.OrgPersonRelationAttributeEntity</class>
        <class>org.kuali.student.r2.core.organization.model.OrgPositionRestrictionEntity</class>
        <class>org.kuali.student.r2.core.organization.model.OrgPositionRestrictionAttributeEntity</class>
        <class>org.kuali.student.r2.core.organization.model.OrgCodeEntity</class>
        <class>org.kuali.student.r2.core.organization.model.OrgCodeAttributeEntity</class>

        <class>org.kuali.student.r2.core.population.model.PopulationEntity</class>
        <class>org.kuali.student.r2.core.population.model.PopulationAttributeEntity</class>
        <class>org.kuali.student.r2.core.population.model.PopulationRuleEntity</class>
        <class>org.kuali.student.r2.core.population.model.PopulationRuleAttributeEntity</class>

        <!-- Process Entities -->
        <class>org.kuali.student.r2.core.process.model.CheckAttributeEntity</class>
        <class>org.kuali.student.r2.core.process.model.CheckEntity</class>
        <class>org.kuali.student.r2.core.process.model.InstructionAttributeEntity</class>
        <class>org.kuali.student.r2.core.process.model.InstructionEntity</class>
        <class>org.kuali.student.r2.core.process.model.ProcessAttributeEntity</class>
        <class>org.kuali.student.r2.core.process.model.ProcessEntity</class>

        <class>org.kuali.student.r2.core.scheduling.model.TimeSlotEntity</class>
        <class>org.kuali.student.r2.core.scheduling.model.TimeSlotAttributeEntity</class>
        <class>org.kuali.student.r2.core.scheduling.model.ScheduleRequestEntity</class>
        <class>org.kuali.student.r2.core.scheduling.model.ScheduleRequestAttributeEntity</class>
        <class>org.kuali.student.r2.core.scheduling.model.ScheduleRequestComponentEntity</class>
        <class>org.kuali.student.r2.core.scheduling.model.ScheduleEntity</class>
        <class>org.kuali.student.r2.core.scheduling.model.ScheduleAttributeEntity</class>
        <class>org.kuali.student.r2.core.scheduling.model.ScheduleComponentEntity</class>

        <!--class>org.kuali.student.r2.core.population.model.PopulationEntity</class -->

        <exclude-unlisted-classes>true</exclude-unlisted-classes>

    </persistence-unit>


</persistence>
