<?xml version="1.0" encoding="UTF-8"?>
<beans xmlns="http://www.springframework.org/schema/beans"
       xmlns:xsi="http://www.w3.org/2001/XMLSchema-instance"
       xsi:schemaLocation="http://www.springframework.org/schema/beans http://www.springframework.org/schema/beans/spring-beans.xsd">

    <import resource="classpath:ks-test-system-property-configurer.xml"/>
    <import resource="classpath:META-INF/default-property-config-context-test.xml"/>

    <bean id="systemPropertyConfigurer"
          class="org.kuali.student.common.util.SystemPropertyConfigurer">
        <property name="properties" value="$[system.properties]"/>
    </bean>

</beans>
